TN:
SF:src/lib/api.ts
FN:6,request
FN:20,(anonymous_1)
FN:21,(anonymous_2)
FN:28,(anonymous_3)
FN:29,(anonymous_4)
FN:30,(anonymous_5)
FN:31,(anonymous_6)
FN:32,(anonymous_7)
FN:33,(anonymous_8)
FN:34,(anonymous_9)
FN:38,(anonymous_10)
FN:48,(anonymous_11)
FN:56,(anonymous_12)
FNF:13
FNH:9
FNDA:7,request
FNDA:1,(anonymous_1)
FNDA:1,(anonymous_2)
FNDA:1,(anonymous_3)
FNDA:1,(anonymous_4)
FNDA:1,(anonymous_5)
FNDA:0,(anonymous_6)
FNDA:0,(anonymous_7)
FNDA:0,(anonymous_8)
FNDA:1,(anonymous_9)
FNDA:2,(anonymous_10)
FNDA:0,(anonymous_11)
FNDA:1,(anonymous_12)
DA:4,1
DA:7,7
DA:11,7
DA:12,0
DA:13,0
DA:15,7
DA:18,1
DA:20,1
DA:21,1
DA:28,1
DA:29,1
DA:30,1
DA:31,0
DA:32,0
DA:33,0
DA:34,1
DA:39,2
DA:40,2
DA:41,2
DA:42,2
DA:49,0
DA:50,0
DA:51,0
DA:56,1
LF:24
LH:16
BRDA:11,0,0,0
BRDA:40,1,0,1
BRDA:41,2,0,0
BRDA:50,3,0,0
BRF:4
BRH:1
end_of_record
